<?xml version="1.0" encoding="UTF-8"?>
<!-- Generated by org.testng.reporters.JUnitReportReporter -->
<testsuite hostname="INLEN8520051379" failures="0" tests="1" name="testCases.TestCase001_ClickOnSimulator" time="0.332" errors="0" timestamp="2024-09-26T20:32:27 IST" skipped="0">
  <testcase classname="testCases.TestCase001_ClickOnSimulator" name="clickOnSimAndSky" time="0.332"/>
</testsuite> <!-- testCases.TestCase001_ClickOnSimulator -->
